<?xml version="1.0" encoding="UTF-8" ?>
<testsuites>
  <testsuite errors="0" failures="0" hostname="mars" id="0" name="KBaseControllerTests" package="br.com.esmbusiness.controller" tests="5" time="0.843" timestamp="2012-06-01T13:05:01">
      <properties />

      <testcase classname="br.com.esmbusiness.controller.KBaseControllerTests" name="testIndex" time="0.191" />

      <testcase classname="br.com.esmbusiness.controller.KBaseControllerTests" name="testList" time="0.072" />

      <testcase classname="br.com.esmbusiness.controller.KBaseControllerTests" name="testSessionStudyFor" time="0.371" />

      <testcase classname="br.com.esmbusiness.controller.KBaseControllerTests" name="testInsertUnitOfKnowledge" time="0.073" />

      <testcase classname="br.com.esmbusiness.controller.KBaseControllerTests" name="testPrepareToChange" time="0.055" />

      <system-out><![CDATA[--Output from testIndex--
--Output from testList--
--Output from testSessionStudyFor--
--Output from testInsertUnitOfKnowledge--
--Output from testPrepareToChange--
]]></system-out>

      <system-err><![CDATA[--Output from testIndex--
--Output from testList--
--Output from testSessionStudyFor--
--Output from testInsertUnitOfKnowledge--
--Output from testPrepareToChange--
]]></system-err>

  </testsuite>
  <testsuite errors="0" failures="0" hostname="mars" id="1" name="KUnitControllerTests" package="br.com.esmbusiness.domain" tests="1" time="0.219" timestamp="2012-06-01T13:05:03">
      <properties />

      <testcase classname="br.com.esmbusiness.domain.KUnitControllerTests" name="testIndex" time="0.218" />

      <system-out><![CDATA[--Output from testIndex--
]]></system-out>

      <system-err><![CDATA[--Output from testIndex--
]]></system-err>

  </testsuite>
  <testsuite errors="0" failures="0" hostname="mars" id="2" name="KUnitTests" package="br.com.esmbusiness.domain" tests="1" time="0.162" timestamp="2012-06-01T13:05:02">
      <properties />

      <testcase classname="br.com.esmbusiness.domain.KUnitTests" name="testConstraints" time="0.069" />

      <system-out><![CDATA[--Output from testConstraints--
]]></system-out>

      <system-err><![CDATA[--Output from testConstraints--
]]></system-err>

  </testsuite>
  <testsuite errors="0" failures="0" hostname="mars" id="3" name="TagControllerTests" package="br.com.esmbusiness.domain" tests="1" time="0.252" timestamp="2012-06-01T13:05:02">
      <properties />

      <testcase classname="br.com.esmbusiness.domain.TagControllerTests" name="testIndex" time="0.19" />

      <system-out><![CDATA[--Output from testIndex--
]]></system-out>

      <system-err><![CDATA[--Output from testIndex--
]]></system-err>

  </testsuite>
  <testsuite errors="0" failures="0" hostname="mars" id="4" name="TagTests" package="br.com.esmbusiness.domain" tests="1" time="0.142" timestamp="2012-06-01T13:05:03">
      <properties />

      <testcase classname="br.com.esmbusiness.domain.TagTests" name="testConstraints" time="0.053" />

      <system-out><![CDATA[--Output from testConstraints--
]]></system-out>

      <system-err><![CDATA[--Output from testConstraints--
]]></system-err>

  </testsuite>
</testsuites>
